[36mvite v5.4.21 [32mbuilding for production...[36m[39m
transforming...
[32m✓[39m 1 modules transformed.
\n[31mx[39m Build failed in 61ms
[31merror during build:
[31m[vite:esbuild] Transform failed with 2 errors:
D:/CodexPages/Finale/proctoring/BrutalistAdminQuery.tsx:77:62: ERROR: The character ">" is not valid inside a JSX element
D:/CodexPages/Finale/proctoring/BrutalistAdminQuery.tsx:77:63: ERROR: The character ">" is not valid inside a JSX element[31m
file: [36mD:/CodexPages/Finale/proctoring/BrutalistAdminQuery.tsx:77:62[31m
[33m
[33mThe character ">" is not valid inside a JSX element[33m
75 |                                      </td>
76 |                                      <td className="p-4 border-r-[1px] border-[#000000] font-bold text-[#FF0037] align-top">
77 |                                          <div className="mb-2">>> {log.violation_type}</div>
   |                                                                ^
78 |                                          <div className="text-[8px] text-[#000000] opacity-60">ID: {log.candidate_id}</div>
79 |                                          <div className="text-[8px] text-[#000000] opacity-60 truncate max-w-[120px]" title={log.session_id}>UUID: {log.session_id}</div>

[33mThe character ">" is not valid inside a JSX element[33m
75 |                                      </td>
76 |                                      <td className="p-4 border-r-[1px] border-[#000000] font-bold text-[#FF0037] align-top">
77 |                                          <div className="mb-2">>> {log.violation_type}</div>
   |                                                                 ^
78 |                                          <div className="text-[8px] text-[#000000] opacity-60">ID: {log.candidate_id}</div>
79 |                                          <div className="text-[8px] text-[#000000] opacity-60 truncate max-w-[120px]" title={log.session_id}>UUID: {log.session_id}</div>
[31m
    at failureErrorWithLog (D:\CodexPages\Finale\proctoring\node_modules\esbuild\lib\main.js:1472:15)
    at D:\CodexPages\Finale\proctoring\node_modules\esbuild\lib\main.js:755:50
    at responseCallbacks.<computed> (D:\CodexPages\Finale\proctoring\node_modules\esbuild\lib\main.js:622:9)
    at handleIncomingPacket (D:\CodexPages\Finale\proctoring\node_modules\esbuild\lib\main.js:677:12)
    at Socket.readFromStdout (D:\CodexPages\Finale\proctoring\node_modules\esbuild\lib\main.js:600:7)
    at Socket.emit (node:events:514:28)
    at addChunk (node:internal/streams/readable:343:12)
    at readableAddChunk (node:internal/streams/readable:316:9)
    at Readable.push (node:internal/streams/readable:253:10)
    at Pipe.onStreamRead (node:internal/stream_base_commons:190:23)[39m
